
  .   ____          _            __ _ _
 /\\ / ___'_ __ _ _(_)_ __  __ _ \ \ \ \
( ( )\___ | '_ | '_| | '_ \/ _` | \ \ \ \
 \\/  ___)| |_)| | | | | || (_| |  ) ) ) )
  '  |____| .__|_| |_|_| |_\__, | / / / /
 =========|_|==============|___/=/_/_/_/
[32m :: Spring Boot :: [39m              [2m (v2.4.2)[0;39m

[2m2021-01-28 21:39:32.120[0;39m [32mdebug[0;39m [35m6288[0;39m [2m---[0;39m [2m[           main][0;39m [36ml.library.LendingPlaceApplication       [0;39m [2m:[0;39m Starting LendingPlaceApplication using Java 15.0.1 on MirandaBrawner with PID 6288 (C:\Users\Miranda\Documents\workspace-spring-tool-suite-4-4.9.0.RELEASE\LendingPlace\target\classes started by Miranda in C:\Users\Miranda\Documents\workspace-spring-tool-suite-4-4.9.0.RELEASE\LendingPlace)
[2m2021-01-28 21:39:32.125[0;39m [32mdebug[0;39m [35m6288[0;39m [2m---[0;39m [2m[           main][0;39m [36ml.library.LendingPlaceApplication       [0;39m [2m:[0;39m No active profile set, falling back to default profiles: default
[2m2021-01-28 21:39:33.012[0;39m [32mdebug[0;39m [35m6288[0;39m [2m---[0;39m [2m[           main][0;39m [36m.s.d.r.c.RepositoryConfigurationDelegate[0;39m [2m:[0;39m Bootstrapping Spring Data JPA repositories in DEFAULT mode.
[2m2021-01-28 21:39:33.092[0;39m [32mdebug[0;39m [35m6288[0;39m [2m---[0;39m [2m[           main][0;39m [36m.s.d.r.c.RepositoryConfigurationDelegate[0;39m [2m:[0;39m Finished Spring Data repository scanning in 72 ms. Found 3 JPA repository interfaces.
[2m2021-01-28 21:39:33.482[0;39m [32mdebug[0;39m [35m6288[0;39m [2m---[0;39m [2m[           main][0;39m [36mtrationDelegate$BeanPostProcessorChecker[0;39m [2m:[0;39m Bean 'org.springframework.security.access.expression.method.DefaultMethodSecurityExpressionHandler@4f9a6c2d' of type [org.springframework.security.access.expression.method.DefaultMethodSecurityExpressionHandler] is not eligible for getting processed by all BeanPostProcessors (for example: not eligible for auto-proxying)
[2m2021-01-28 21:39:33.486[0;39m [32mdebug[0;39m [35m6288[0;39m [2m---[0;39m [2m[           main][0;39m [36mtrationDelegate$BeanPostProcessorChecker[0;39m [2m:[0;39m Bean 'methodSecurityMetadataSource' of type [org.springframework.security.access.method.DelegatingMethodSecurityMetadataSource] is not eligible for getting processed by all BeanPostProcessors (for example: not eligible for auto-proxying)
[2m2021-01-28 21:39:33.754[0;39m [32mdebug[0;39m [35m6288[0;39m [2m---[0;39m [2m[           main][0;39m [36mo.s.b.w.embedded.tomcat.TomcatWebServer [0;39m [2m:[0;39m Tomcat initialized with port(s): 7070 (http)
[2m2021-01-28 21:39:33.764[0;39m [32mdebug[0;39m [35m6288[0;39m [2m---[0;39m [2m[           main][0;39m [36mo.apache.catalina.core.StandardService  [0;39m [2m:[0;39m Starting service [Tomcat]
[2m2021-01-28 21:39:33.765[0;39m [32mdebug[0;39m [35m6288[0;39m [2m---[0;39m [2m[           main][0;39m [36morg.apache.catalina.core.StandardEngine [0;39m [2m:[0;39m Starting Servlet engine: [Apache Tomcat/9.0.41]
[2m2021-01-28 21:39:33.901[0;39m [32mdebug[0;39m [35m6288[0;39m [2m---[0;39m [2m[           main][0;39m [36mo.a.c.c.C.[Tomcat].[localhost].[/]      [0;39m [2m:[0;39m Initializing Spring embedded WebApplicationContext
[2m2021-01-28 21:39:33.902[0;39m [32mdebug[0;39m [35m6288[0;39m [2m---[0;39m [2m[           main][0;39m [36mw.s.c.ServletWebServerApplicationContext[0;39m [2m:[0;39m Root WebApplicationContext: initialization completed in 1710 ms
[2m2021-01-28 21:39:34.080[0;39m [32mdebug[0;39m [35m6288[0;39m [2m---[0;39m [2m[           main][0;39m [36mcom.zaxxer.hikari.HikariDataSource      [0;39m [2m:[0;39m HikariPool-1 - Starting...
[2m2021-01-28 21:39:34.273[0;39m [32mdebug[0;39m [35m6288[0;39m [2m---[0;39m [2m[           main][0;39m [36mcom.zaxxer.hikari.HikariDataSource      [0;39m [2m:[0;39m HikariPool-1 - Start completed.
[2m2021-01-28 21:39:34.325[0;39m [32mdebug[0;39m [35m6288[0;39m [2m---[0;39m [2m[           main][0;39m [36mo.hibernate.jpa.internal.util.LogHelper [0;39m [2m:[0;39m HHH000204: Processing PersistenceUnitInfo [name: default]
[2m2021-01-28 21:39:34.376[0;39m [32mdebug[0;39m [35m6288[0;39m [2m---[0;39m [2m[           main][0;39m [36morg.hibernate.Version                   [0;39m [2m:[0;39m HHH000412: Hibernate ORM core version 5.4.27.Final
[2m2021-01-28 21:39:34.536[0;39m [32mdebug[0;39m [35m6288[0;39m [2m---[0;39m [2m[           main][0;39m [36mo.hibernate.annotations.common.Version  [0;39m [2m:[0;39m HCANN000001: Hibernate Commons Annotations {5.1.2.Final}
[2m2021-01-28 21:39:34.666[0;39m [32mdebug[0;39m [35m6288[0;39m [2m---[0;39m [2m[           main][0;39m [36morg.hibernate.dialect.Dialect           [0;39m [2m:[0;39m HHH000400: Using dialect: org.hibernate.dialect.MySQL55Dialect
[2m2021-01-28 21:39:35.328[0;39m [32mdebug[0;39m [35m6288[0;39m [2m---[0;39m [2m[           main][0;39m [36mo.h.e.t.j.p.i.JtaPlatformInitiator      [0;39m [2m:[0;39m HHH000490: Using JtaPlatform implementation: [org.hibernate.engine.transaction.jta.platform.internal.NoJtaPlatform]
[2m2021-01-28 21:39:35.337[0;39m [32mdebug[0;39m [35m6288[0;39m [2m---[0;39m [2m[           main][0;39m [36mj.LocalContainerEntityManagerFactoryBean[0;39m [2m:[0;39m Initialized JPA EntityManagerFactory for persistence unit 'default'
[2m2021-01-28 21:39:35.396[0;39m [33mdebug[0;39m [35m6288[0;39m [2m---[0;39m [2m[           main][0;39m [36mJpaBaseConfiguration$JpaWebConfiguration[0;39m [2m:[0;39m spring.jpa.open-in-view is enabled by default. Therefore, database queries may be performed during view rendering. Explicitly configure spring.jpa.open-in-view to disable this warning
[2m2021-01-28 21:39:35.972[0;39m [33mdebug[0;39m [35m6288[0;39m [2m---[0;39m [2m[           main][0;39m [36mConfigServletWebServerApplicationContext[0;39m [2m:[0;39m Exception encountered during context initialization - cancelling refresh attempt: org.springframework.beans.factory.UnsatisfiedDependencyException: Error creating bean with name 'librarianRequestHandler': Unsatisfied dependency expressed through field 'authenticationManager'; nested exception is org.springframework.beans.factory.NoSuchBeanDefinitionException: No qualifying bean of type 'org.springframework.security.authentication.AuthenticationManager' available: expected at least 1 bean which qualifies as autowire candidate. Dependency annotations: {@org.springframework.beans.factory.annotation.Autowired(required=true)}
[2m2021-01-28 21:39:35.974[0;39m [32mdebug[0;39m [35m6288[0;39m [2m---[0;39m [2m[           main][0;39m [36mj.LocalContainerEntityManagerFactoryBean[0;39m [2m:[0;39m Closing JPA EntityManagerFactory for persistence unit 'default'
[2m2021-01-28 21:39:35.975[0;39m [32mdebug[0;39m [35m6288[0;39m [2m---[0;39m [2m[           main][0;39m [36mcom.zaxxer.hikari.HikariDataSource      [0;39m [2m:[0;39m HikariPool-1 - Shutdown initiated...
[2m2021-01-28 21:39:35.987[0;39m [32mdebug[0;39m [35m6288[0;39m [2m---[0;39m [2m[           main][0;39m [36mcom.zaxxer.hikari.HikariDataSource      [0;39m [2m:[0;39m HikariPool-1 - Shutdown completed.
[2m2021-01-28 21:39:35.989[0;39m [32mdebug[0;39m [35m6288[0;39m [2m---[0;39m [2m[           main][0;39m [36mo.apache.catalina.core.StandardService  [0;39m [2m:[0;39m Stopping service [Tomcat]
[2m2021-01-28 21:39:36.002[0;39m [32mdebug[0;39m [35m6288[0;39m [2m---[0;39m [2m[           main][0;39m [36mConditionEvaluationReportLoggingListener[0;39m [2m:[0;39m 

Error starting ApplicationContext. To display the conditions report re-run your application with 'debug' enabled.
[2m2021-01-28 21:39:36.019[0;39m [31mdebug[0;39m [35m6288[0;39m [2m---[0;39m [2m[           main][0;39m [36mo.s.b.d.LoggingFailureAnalysisReporter  [0;39m [2m:[0;39m 

***************************
APPLICATION FAILED TO START
***************************

Description:

Field authenticationManager in lendingplace.library.requestHandler.LibrarianRequestHandler required a bean of type 'org.springframework.security.authentication.AuthenticationManager' that could not be found.

The injection point has the following annotations:
	- @org.springframework.beans.factory.annotation.Autowired(required=true)


Action:

Consider defining a bean of type 'org.springframework.security.authentication.AuthenticationManager' in your configuration.

